<?xml version="1.0" encoding="UTF-8"?>
<!-- Generated by org.testng.reporters.JUnitReportReporter -->
<testsuite hostname="DESKTOP-GNQ7IEL" failures="0" tests="2" name="POMClassesusingTestNGclasswithBaseAndUtilityPropertyFiles.ValidateUserNametestclass" time="28.374" errors="0" timestamp="2023-05-19T14:07:59 IST" skipped="0">
  <testcase classname="POMClassesusingTestNGclasswithBaseAndUtilityPropertyFiles.ValidateUserNametestclass" name="ValidateUserNameNeostox" time="18.766"/>
  <system-out>
    <![CDATA[getting actual user Name
actual user name is Hi Tushar Bachche
data isHi Tushar Bachche
data isTCID-4567
taking screenshot
screenshot taken and saved at C:\Screenshot\testingTCID-45673cDK.png
TcValidateUserNameNeostoxis passed successfully]]>
  </system-out>
  <testcase classname="POMClassesusingTestNGclasswithBaseAndUtilityPropertyFiles.ValidateUserNametestclass" name="ValidateaccountBalance" time="9.608"/>
  <system-out>
    <![CDATA[data isTCID-4568
taking screenshot
screenshot taken and saved at C:\Screenshot\testingTCID-4568Sgin.png
TcValidateaccountBalanceis passed successfully]]>
  </system-out>
</testsuite> <!-- POMClassesusingTestNGclasswithBaseAndUtilityPropertyFiles.ValidateUserNametestclass -->
