<?xml version="1.0" encoding="UTF-8"?>
<!-- Generated by org.testng.reporters.JUnitReportReporter -->
<testsuite hostname="DESKTOP-GNQ7IEL" failures="0" tests="1" name="TESTNGCBtesting.NewTest" time="7.336" errors="0" timestamp="2023-04-28T22:12:20 IST" skipped="0">
  <testcase classname="TESTNGCBtesting.NewTest" name="f" time="7.336"/>
  <system-out/>
</testsuite> <!-- TESTNGCBtesting.NewTest -->
