<?xml version="1.0" encoding="UTF-8"?>
<!-- Generated by org.testng.reporters.JUnitReportReporter -->
<testsuite hostname="DESKTOP-GNQ7IEL" failures="0" tests="1" name="POMClassesusingTestNGclasswithBaseAndUtilityPropertyFiles.ValidateUserName" time="14.879" errors="0" timestamp="2023-05-18T15:25:51 IST" skipped="0">
  <testcase classname="POMClassesusingTestNGclasswithBaseAndUtilityPropertyFiles.ValidateUserName" name="ValidateUserNameNeostox" time="14.879"/>
  <system-out>
    <![CDATA[getting actual user Name
actual user name is Hi Tushar Bachche
data isHi Tushar Bachche
data isTCID-4567
taking screenshot
screenshot taken and saved at C:\Screenshot\testingTCID-4567Bj22.png
TcValidateUserNameNeostoxis passed successfully]]>
  </system-out>
</testsuite> <!-- POMClassesusingTestNGclasswithBaseAndUtilityPropertyFiles.ValidateUserName -->
