<?xml version="1.0" encoding="UTF-8"?>
<!-- Generated by org.testng.reporters.JUnitReportReporter -->
<testsuite hostname="DESKTOP-GNQ7IEL" failures="0" tests="2" name="TESTNGCBtesting.cbtesting" time="18.653" errors="0" timestamp="2023-05-24T22:17:49 IST" skipped="0">
  <testcase classname="TESTNGCBtesting.cbtesting" name="cbtest" time="7.053"/>
  <system-out/>
  <testcase classname="TESTNGCBtesting.cbtesting" name="cbtest" time="11.600"/>
  <system-out/>
</testsuite> <!-- TESTNGCBtesting.cbtesting -->
